# пример создания объекта типа Cat
my_сat1 = Cat()
my_сat1.set_name("Котик")
my_сat1.gaming()
my_сat1.meow()
my_сat1.eating()

'''
Результат выполнения:
Родилась новая кошка... Кошка без имени
Нет сил играть...
Кошка говорит: меня зовут Котик
Кошка проголодалась...
Кошка ест...
'''
# пример создания объекта типа Cat
my_сat2 = Cat('Барсик')
my_сat2.meow()
my_сat1.eating()
my_сat1.gaming()

'''
Результат выполнения:
Родилась новая кошка... Барсик
Кошка говорит: меня зовут Барсик
Кошка проголодалась...
Кошка ест...
Кошка играет с мячиком...
'''
