==================== Пример запуска программы =========================

Ваше имя: GGG
GGG , новичкам везет!
Текущая статистика по игре: [{'name': 'T', 'count': 2}, {'name': '4', 'count': 0}]
Компьютер загадал число.
У вас есть три попытки. Удачи!
Попробуйте угадать: 5
Победа!
Обновленная статистика по игре: [{'name': 'T', 'count': 2}, {'name': '4', 'count': 0}, {'name': 'GGG', 'count': 0}]
Рейтинг игры:
место: 1 имя игрока: 4 количество попыток: 0
место: 2 имя игрока: GGG количество попыток: 0
место: 3 имя игрока: T количество попыток: 2

==================== Пример запуска программы =========================

Ваше имя: T
T , вы снова в игре!
Текущая статистика по игре: [{'name': 'T', 'count': 2}, {'name': '4', 'count': 0}, {'name': 'GGG', 'count': 0}]
Компьютер загадал число.
У вас есть три попытки. Удачи!
Попробуйте угадать: 3
Победа!
Обновленная статистика по игре: [{'name': 'T', 'count': 0}, {'name': '4', 'count': 0}, {'name': 'GGG', 'count': 0}]
Рейтинг игры:
место: 1 имя игрока: T количество попыток: 0
место: 2 имя игрока: 4 количество попыток: 0
место: 3 имя игрока: GGG количество попыток: 0

==================== Пример запуска программы =========================

Ваше имя: H
H , новичкам везет!
Текущая статистика по игре: [{'name': 'T', 'count': 0}, {'name': '4', 'count': 0}, {'name': 'GGG', 'count': 0}]
Компьютер загадал число.
У вас есть три попытки. Удачи!
Попробуйте угадать: d
Введите число!
Попробуйте угадать: d
Введите число!
Попробуйте угадать: f
Введите число!
Попробуйте угадать: d
Введите число!
Попробуйте угадать: 3
Попробуйте число больше!
Попробуйте угадать: 5
Попробуйте число больше!
Попробуйте угадать: 6
Game over!
Число: 9
[{'name': 'T', 'count': 0}, {'name': '4', 'count': 0}, {'name': 'GGG', 'count': 0}]
Обновленная статистика по игре: [{'name': 'T', 'count': 0}, {'name': '4', 'count': 0}, {'name': 'GGG', 'count': 0}]
Рейтинг игры:
место: 1 имя игрока: T количество попыток: 0
место: 2 имя игрока: 4 количество попыток: 0
место: 3 имя игрока: GGG количество попыток: 0
