текущие задачи из файла:
[]
Простой todo: 
    1. Добавить задачу.
    2. Вывести список задач.
    3. Выход.
    
Укажите число: 1
Сформулируйте задачу: task1
Добавьте категорию к задаче: cat1
Добавьте время к задаче: 222
Простой todo: 
    1. Добавить задачу.
    2. Вывести список задач.
    3. Выход.
    
Укажите число: 1
Сформулируйте задачу: task2
Добавьте категорию к задаче: cat2
Добавьте время к задаче: 444
Простой todo: 
    1. Добавить задачу.
    2. Вывести список задач.
    3. Выход.
    
Укажите число: 2
Задача: task1  Категория: cat1  Дата: 222
Задача: task2  Категория: cat2  Дата: 444
Простой todo: 
    1. Добавить задачу.
    2. Вывести список задач.
    3. Выход.
    
Укажите число: 3
задачи сохранены в файл!
>>> 
