========================= Пример запуска программы ================

>>> 
= RESTART
Программа для администратора пиццерии отображает заказы на сегодня и завтра.
текущие заказы:
[{'address': 'улица',
  'contact': '45',
  'date': 'ЗАВТРА',
  'pizza_order': [{'count': 3, 'pizza': 'ГАВАЙСКАЯ', 'size': 'S'}],
  'tm': '12'},
 {'address': 'проспект',
  'contact': '34',
  'date': 'СЕГОДНЯ',
  'pizza_order': [{'count': 3, 'pizza': 'ПЕППЕРОНИ', 'size': 'S'}],
  'tm': '12'},
 {'address': 'метро',
  'contact': '34',
  'date': 'СЕГОДНЯ',
  'pizza_order': [{'count': 2, 'pizza': 'ПЕППЕРОНИ', 'size': 'S'}],
  'tm': '12'}]
Укажите период (сегодня, завтра): завтра
Заказы на завтра:
{'address': 'улица',
 'contact': '45',
 'date': 'ЗАВТРА',
 'pizza_order': [{'count': 3, 'pizza': 'ГАВАЙСКАЯ', 'size': 'S'}],
 'tm': '12'}
>>> 
