
===================== Пример запуска программы ======================
>>> 
= RESTART: 
Домашняя-Пицца приветствует! 
Программа для заказа пиццы. 
Спасибо, что выбрали нашу компанию!

**** читаем базу данных пицц

текущие заказы:
[]

Укажите адрес доставки: улица

***************** Пиццы в наличии:
{'ГАВАЙСКАЯ': {'consist': ['курица',
                           'ветчина',
                           'ананас',
                           'моцарелла',
                           'томатный соус'],
               'size_price': {'M': 595, 'S': 415}},
 'МАРГАРИТА': {'consist': ['томаты', 'моцарелла', 'томатный соус'],
               'size_price': {'M': 545, 'S': 395}},
 'ПЕППЕРОНИ': {'consist': ['пепперони', 'моцарелла', 'томатный соус'],
               'size_price': {'M': 545, 'S': 395}}}
*****************

Укажите пиццу для заказа или 'выход' для окончания ввода: ГАВАЙСКАЯ
Укажите размер пиццы (S или M): S
Укажите количество (целое число больше 1): 3
Укажите пиццу для заказа или 'выход' для окончания ввода: выход
Указать срок доставки (сегодня, завтра): завтра
Указать время доставки (целое число): 12
Укажите контактные данные: 45

***************** Заказ:
{'address': 'улица',
 'contact': '45',
 'date': 'ЗАВТРА',
 'pizza_order': [{'count': 3, 'pizza': 'ГАВАЙСКАЯ', 'size': 'S'}],
 'tm': '12'}
*****************

*** Итог:  1245 руб.

*** Пицца  ГАВАЙСКАЯ с наименьшей стоимостью:  415  руб.

*** Убрали стоимость пиццы  ГАВАЙСКАЯ  из заказа

Скидка 5%:  41.5  руб.

Итог c учетом скидки:  788.5 руб.

***** заказ сохранен.

текущие заказы:
[{'address': 'улица',
  'contact': '45',
  'date': 'ЗАВТРА',
  'pizza_order': [{'count': 3, 'pizza': 'ГАВАЙСКАЯ', 'size': 'S'}],
  'tm': '12'}]

===================== Пример запуска программы ======================

>>> 
= RESTART: 
Домашняя-Пицца приветствует! 
Программа для заказа пиццы. 
Спасибо, что выбрали нашу компанию!

**** читаем базу данных пицц

текущие заказы:
[{'address': 'улица',
  'contact': '45',
  'date': 'ЗАВТРА',
  'pizza_order': [{'count': 3, 'pizza': 'ГАВАЙСКАЯ', 'size': 'S'}],
  'tm': '12'}]

Укажите адрес доставки: проспект

***************** Пиццы в наличии:
{'ГАВАЙСКАЯ': {'consist': ['курица',
                           'ветчина',
                           'ананас',
                           'моцарелла',
                           'томатный соус'],
               'size_price': {'M': 595, 'S': 415}},
 'МАРГАРИТА': {'consist': ['томаты', 'моцарелла', 'томатный соус'],
               'size_price': {'M': 545, 'S': 395}},
 'ПЕППЕРОНИ': {'consist': ['пепперони', 'моцарелла', 'томатный соус'],
               'size_price': {'M': 545, 'S': 395}}}
*****************

Укажите пиццу для заказа или 'выход' для окончания ввода: ПЕППЕРОНИ
Укажите размер пиццы (S или M): S
Укажите количество (целое число больше 1): 3
Укажите пиццу для заказа или 'выход' для окончания ввода: выход
Указать срок доставки (сегодня, завтра): сегодня
Указать время доставки (целое число): 12
Укажите контактные данные: 34

***************** Заказ:
{'address': 'проспект',
 'contact': '34',
 'date': 'СЕГОДНЯ',
 'pizza_order': [{'count': 3, 'pizza': 'ПЕППЕРОНИ', 'size': 'S'}],
 'tm': '12'}
*****************

*** Итог:  1185 руб.

*** Пицца  ПЕППЕРОНИ с наименьшей стоимостью:  395  руб.

*** Убрали стоимость пиццы  ПЕППЕРОНИ  из заказа

Итог c учетом скидки:  790 руб.

***** заказ сохранен.

текущие заказы:

[{'address': 'улица',
  'contact': '45',
  'date': 'ЗАВТРА',
  'pizza_order': [{'count': 3, 'pizza': 'ГАВАЙСКАЯ', 'size': 'S'}],
  'tm': '12'},
 {'address': 'проспект',
  'contact': '34',
  'date': 'СЕГОДНЯ',
  'pizza_order': [{'count': 3, 'pizza': 'ПЕППЕРОНИ', 'size': 'S'}],
  'tm': '12'}]

===================== Пример запуска программы ======================

>>> 
= RESTART: 
Домашняя-Пицца приветствует! 
Программа для заказа пиццы. 
Спасибо, что выбрали нашу компанию!

**** читаем базу данных пицц

текущие заказы:
[{'address': 'улица',
  'contact': '45',
  'date': 'ЗАВТРА',
  'pizza_order': [{'count': 3, 'pizza': 'ГАВАЙСКАЯ', 'size': 'S'}],
  'tm': '12'},
 {'address': 'проспект',
  'contact': '34',
  'date': 'СЕГОДНЯ',
  'pizza_order': [{'count': 3, 'pizza': 'ПЕППЕРОНИ', 'size': 'S'}],
  'tm': '12'}]

Укажите адрес доставки: метро

***************** Пиццы в наличии:
{'ГАВАЙСКАЯ': {'consist': ['курица',
                           'ветчина',
                           'ананас',
                           'моцарелла',
                           'томатный соус'],
               'size_price': {'M': 595, 'S': 415}},
 'МАРГАРИТА': {'consist': ['томаты', 'моцарелла', 'томатный соус'],
               'size_price': {'M': 545, 'S': 395}},
 'ПЕППЕРОНИ': {'consist': ['пепперони', 'моцарелла', 'томатный соус'],
               'size_price': {'M': 545, 'S': 395}}}
*****************

Укажите пиццу для заказа или 'выход' для окончания ввода: ПЕППЕРОНИ
Укажите размер пиццы (S или M): S
Укажите количество (целое число больше 1): 2
Укажите пиццу для заказа или 'выход' для окончания ввода: выход
Указать срок доставки (сегодня, завтра): сегодня
Указать время доставки (целое число): 12
Укажите контактные данные: 34

***************** Заказ:
{'address': 'метро',
 'contact': '34',
 'date': 'СЕГОДНЯ',
 'pizza_order': [{'count': 2, 'pizza': 'ПЕППЕРОНИ', 'size': 'S'}],
 'tm': '12'}
*****************

*** Итог:  790 руб.

Итог c учетом скидки:  790 руб.

***** заказ сохранен.

текущие заказы:
[{'address': 'улица',
  'contact': '45',
  'date': 'ЗАВТРА',
  'pizza_order': [{'count': 3, 'pizza': 'ГАВАЙСКАЯ', 'size': 'S'}],
  'tm': '12'},
 {'address': 'проспект',
  'contact': '34',
  'date': 'СЕГОДНЯ',
  'pizza_order': [{'count': 3, 'pizza': 'ПЕППЕРОНИ', 'size': 'S'}],
  'tm': '12'},
 {'address': 'метро',
  'contact': '34',
  'date': 'СЕГОДНЯ',
  'pizza_order': [{'count': 2, 'pizza': 'ПЕППЕРОНИ', 'size': 'S'}],
  'tm': '12'}]
>>> 
