Простой todo: 
    1. Добавить задачу.
    2. Вывести список задач.
    3. Выход.
    
Укажите число: 1
Сформулируйте задачу: купить хлеб
Добавьте категорию к задаче: купить
Добавьте время к задаче: сегодня
Простой todo: 
    1. Добавить задачу.
    2. Вывести список задач.
    3. Выход.
    
Укажите число: 1
Сформулируйте задачу: купить масло
Добавьте категорию к задаче: купить
Добавьте время к задаче: завтра
Простой todo: 
    1. Добавить задачу.
    2. Вывести список задач.
    3. Выход.
    
Укажите число: 2
Задача: купить хлеб  Категория: купить  Дата: сегодня
Задача: купить масло  Категория: купить  Дата: завтра
Простой todo: 
    1. Добавить задачу.
    2. Вывести список задач.
    3. Выход.
    
Укажите число: 3
>>> 
