Простой todo: 
    1. Добавить задачу.
    2. Вывести список задач.
    3. Выход.
    
Укажите число: 1
Сформулируйте задачу: поздравить друга с днем рождения
Добавьте категорию к задаче: ДР
Добавьте время к задаче: 12.12.2019
Простой todo: 
    1. Добавить задачу.
    2. Вывести список задач.
    3. Выход.
    
Укажите число: 1
Сформулируйте задачу: купить масло
Добавьте категорию к задаче: покупки
Добавьте время к задаче: сегодня
Простой todo: 
    1. Добавить задачу.
    2. Вывести список задач.
    3. Выход.
    
Укажите число: 2
Задача: поздравить друга с днем рождения
Категория: ДР
Дата: 12.12.2019
Задача: купить масло
Категория: покупки
Дата: сегодня
Простой todo: 
    1. Добавить задачу.
    2. Вывести список задач.
    3. Выход.
    
Укажите число: 3
>>> 
